2017/03/03 09:16:24 [I]                                                                                                ！！当前运行模式为：[ 单机 ] 模式！！
2017/03/03 09:16:24 [I]  *********************************************************************************************************************************** 
2017/03/03 09:16:24 [I]  * 
2017/03/03 09:16:24 [I]  *     执行任务总数（任务数[*关键词数]）为 1 个 ...

2017/03/03 09:16:24 [I]  *     爬虫池容量为 1 ...

2017/03/03 09:16:24 [I]  *     并发协程最多 20 个 ...

2017/03/03 09:16:24 [I]  *     随机停顿时间为 100~400 ms ...

2017/03/03 09:16:24 [I]  * 
2017/03/03 09:16:24 [N]  *                                                                                                 —— 开始抓取，请耐心等候 ——
2017/03/03 09:16:24 [I]  * 
2017/03/03 09:16:24 [I]  *********************************************************************************************************************************** 
2017/03/03 09:16:24 [I]  *     crawl: https://news.jin10.com/datas/cate/1/main.json
2017/03/03 09:16:25 [I]  *     crawl: https://news.jin10.com/datas/cate/4/main.json
2017/03/03 09:16:25 [I]  *     crawl: https://news.jin10.com/datas/cate/5/main.json
2017/03/03 09:16:25 [I]  *     crawl: https://news.jin10.com/datas/cate/6/main.json
2017/03/03 09:16:25 [I]  *     crawl: https://news.jin10.com/datas/cate/7/main.json
2017/03/03 09:16:26 [I]  *     crawl: https://news.jin10.com/datas/cate/13/main.json
2017/03/03 09:16:26 [I]  *********************************************************************************************************************************** 
2017/03/03 09:16:26 [I]  * 
2017/03/03 09:16:26 [N]  *                            —— 本次合计抓取 0 条数据 + 0 个文件，下载网页 6 个（成功：6，失败：0），耗时：0.04020 分钟 ——
2017/03/03 09:16:26 [I]  * 
2017/03/03 09:16:26 [I]  *********************************************************************************************************************************** 
2017/03/03 09:20:18 [I]                                                                                                ！！当前运行模式为：[ 单机 ] 模式！！
2017/03/03 09:20:18 [I]  *********************************************************************************************************************************** 
2017/03/03 09:20:18 [I]  * 
2017/03/03 09:20:18 [I]  *     执行任务总数（任务数[*关键词数]）为 1 个 ...

2017/03/03 09:20:18 [I]  *     爬虫池容量为 1 ...

2017/03/03 09:20:18 [I]  *     并发协程最多 20 个 ...

2017/03/03 09:20:18 [I]  *     随机停顿时间为 100~400 ms ...

2017/03/03 09:20:18 [I]  * 
2017/03/03 09:20:18 [N]  *                                                                                                 —— 开始抓取，请耐心等候 ——
2017/03/03 09:20:18 [I]  * 
2017/03/03 09:20:18 [I]  *********************************************************************************************************************************** 
2017/03/03 09:20:18 [I]  *     crawl: https://news.jin10.com/datas/cate/1/main.json
2017/03/03 09:20:18 [I]  *     crawl: https://news.jin10.com/datas/cate/4/main.json
2017/03/03 09:20:19 [I]  *     crawl: https://news.jin10.com/datas/cate/5/main.json
2017/03/03 09:20:19 [I]  *     crawl: https://news.jin10.com/datas/cate/6/main.json
2017/03/03 09:20:19 [I]  *     crawl: https://news.jin10.com/datas/cate/7/main.json
2017/03/03 09:20:20 [I]  *     crawl: https://news.jin10.com/datas/cate/13/main.json
2017/03/03 09:20:21 [I]  *********************************************************************************************************************************** 
2017/03/03 09:20:21 [I]  * 
2017/03/03 09:20:21 [N]  *                            —— 本次合计抓取 0 条数据 + 0 个文件，下载网页 6 个（成功：6，失败：0），耗时：0.04519 分钟 ——
2017/03/03 09:20:21 [I]  * 
2017/03/03 09:20:21 [I]  *********************************************************************************************************************************** 
2017/03/03 09:20:48 [I]                                                                                                ！！当前运行模式为：[ 单机 ] 模式！！
2017/03/03 09:20:48 [I]  *********************************************************************************************************************************** 
2017/03/03 09:20:48 [I]  * 
2017/03/03 09:20:48 [I]  *     执行任务总数（任务数[*关键词数]）为 1 个 ...

2017/03/03 09:20:48 [I]  *     爬虫池容量为 1 ...

2017/03/03 09:20:48 [I]  *     并发协程最多 20 个 ...

2017/03/03 09:20:48 [I]  *     随机停顿时间为 100~400 ms ...

2017/03/03 09:20:48 [I]  * 
2017/03/03 09:20:48 [N]  *                                                                                                 —— 开始抓取，请耐心等候 ——
2017/03/03 09:20:48 [I]  * 
2017/03/03 09:20:48 [I]  *********************************************************************************************************************************** 
2017/03/03 09:20:48 [I]  *     crawl: https://news.jin10.com/datas/cate/1/main.json
2017/03/03 09:20:49 [I]  *     crawl: https://news.jin10.com/datas/cate/4/main.json
2017/03/03 09:20:49 [I]  *     crawl: https://news.jin10.com/datas/cate/5/main.json
2017/03/03 09:20:49 [I]  *     crawl: https://news.jin10.com/datas/cate/6/main.json
2017/03/03 09:20:50 [I]  *     crawl: https://news.jin10.com/datas/cate/7/main.json
2017/03/03 09:20:50 [I]  *     crawl: https://news.jin10.com/datas/cate/13/main.json
2017/03/03 09:20:51 [I]  *********************************************************************************************************************************** 
2017/03/03 09:20:51 [I]  * 
2017/03/03 09:20:51 [N]  *                            —— 本次合计抓取 0 条数据 + 0 个文件，下载网页 6 个（成功：6，失败：0），耗时：0.03804 分钟 ——
2017/03/03 09:20:51 [I]  * 
2017/03/03 09:20:51 [I]  *********************************************************************************************************************************** 
2017/03/03 10:15:51 [I]                                                                                                ！！当前运行模式为：[ 单机 ] 模式！！
2017/03/03 10:15:51 [I]  *********************************************************************************************************************************** 
2017/03/03 10:15:51 [I]  * 
2017/03/03 10:15:51 [I]  *     执行任务总数（任务数[*关键词数]）为 1 个 ...

2017/03/03 10:15:51 [I]  *     爬虫池容量为 1 ...

2017/03/03 10:15:51 [I]  *     并发协程最多 20 个 ...

2017/03/03 10:15:51 [I]  *     随机停顿时间为 100~400 ms ...

2017/03/03 10:15:51 [I]  * 
2017/03/03 10:15:51 [N]  *                                                                                                 —— 开始抓取，请耐心等候 ——
2017/03/03 10:15:51 [I]  * 
2017/03/03 10:15:51 [I]  *********************************************************************************************************************************** 
2017/03/03 10:15:51 [I]  *     crawl: https://news.jin10.com/datas/cate/1/main.json
2017/03/03 10:15:51 [I]  *     crawl: https://news.jin10.com/datas/cate/4/main.json
2017/03/03 10:15:51 [I]  *     crawl: https://news.jin10.com/datas/cate/5/main.json
2017/03/03 10:15:51 [I]  *     crawl: https://news.jin10.com/datas/cate/6/main.json
2017/03/03 10:15:52 [I]  *     crawl: https://news.jin10.com/datas/cate/7/main.json
2017/03/03 10:15:52 [I]  *     crawl: https://news.jin10.com/datas/cate/13/main.json
2017/03/03 10:15:52 [I]  *     crawl: https://news.jin10.com/datas/cate/1/p207.json
2017/03/03 10:15:52 [I]  *     crawl: https://news.jin10.com/datas/cate/4/p179.json
2017/03/03 10:15:53 [I]  *     crawl: https://news.jin10.com/datas/cate/5/p83.json
2017/03/03 10:15:53 [I]  *     crawl: https://news.jin10.com/datas/cate/6/p110.json
2017/03/03 10:15:53 [I]  *     crawl: https://news.jin10.com/datas/cate/7/p83.json
2017/03/03 10:15:54 [I]  *     crawl: https://news.jin10.com/datas/cate/13/p19.json
2017/03/03 10:15:54 [I]  *********************************************************************************************************************************** 
2017/03/03 10:15:54 [I]  * 
2017/03/03 10:15:54 [N]  *                            —— 本次合计抓取 0 条数据 + 0 个文件，下载网页 12 个（成功：12，失败：0），耗时：0.06424 分钟 ——
2017/03/03 10:15:54 [I]  * 
2017/03/03 10:15:54 [I]  *********************************************************************************************************************************** 
2017/03/03 10:17:26 [I]                                                                                                ！！当前运行模式为：[ 单机 ] 模式！！
2017/03/03 10:17:26 [I]  *********************************************************************************************************************************** 
2017/03/03 10:17:26 [I]  * 
2017/03/03 10:17:26 [I]  *     执行任务总数（任务数[*关键词数]）为 1 个 ...

2017/03/03 10:17:26 [I]  *     爬虫池容量为 1 ...

2017/03/03 10:17:26 [I]  *     并发协程最多 20 个 ...

2017/03/03 10:17:26 [I]  *     随机停顿时间为 100~400 ms ...

2017/03/03 10:17:26 [I]  * 
2017/03/03 10:17:26 [N]  *                                                                                                 —— 开始抓取，请耐心等候 ——
2017/03/03 10:17:26 [I]  * 
2017/03/03 10:17:26 [I]  *********************************************************************************************************************************** 
2017/03/03 10:17:26 [I]  *     crawl: https://news.jin10.com/datas/cate/1/main.json
2017/03/03 10:17:26 [I]  *     crawl: https://news.jin10.com/datas/cate/4/main.json
2017/03/03 10:17:27 [I]  *     crawl: https://news.jin10.com/datas/cate/5/main.json
2017/03/03 10:17:27 [I]  *     crawl: https://news.jin10.com/datas/cate/6/main.json
2017/03/03 10:17:27 [I]  *     crawl: https://news.jin10.com/datas/cate/7/main.json
2017/03/03 10:17:27 [I]  *     crawl: https://news.jin10.com/datas/cate/13/main.json
2017/03/03 10:17:27 [I]  *     crawl: https://news.jin10.com/datas/cate/1/p207.json
2017/03/03 10:17:28 [I]  *     crawl: https://news.jin10.com/datas/cate/4/p179.json
2017/03/03 10:17:28 [I]  *     crawl: https://news.jin10.com/datas/cate/5/p83.json
2017/03/03 10:17:28 [I]  *     crawl: https://news.jin10.com/datas/cate/6/p110.json
2017/03/03 10:17:28 [I]  *     crawl: https://news.jin10.com/datas/cate/7/p83.json
2017/03/03 10:17:29 [I]  *     crawl: https://news.jin10.com/datas/cate/13/p19.json
2017/03/03 10:17:30 [I]  *********************************************************************************************************************************** 
2017/03/03 10:17:30 [I]  * 
2017/03/03 10:17:30 [N]  *                            —— 本次合计抓取 0 条数据 + 0 个文件，下载网页 12 个（成功：12，失败：0），耗时：0.05985 分钟 ——
2017/03/03 10:17:30 [I]  * 
2017/03/03 10:17:30 [I]  *********************************************************************************************************************************** 
2017/03/03 10:45:38 [I]                                                                                                ！！当前运行模式为：[ 单机 ] 模式！！
2017/03/03 10:45:38 [I]  *********************************************************************************************************************************** 
2017/03/03 10:45:38 [I]  * 
2017/03/03 10:45:38 [I]  *     执行任务总数（任务数[*关键词数]）为 1 个 ...

2017/03/03 10:45:38 [I]  *     爬虫池容量为 1 ...

2017/03/03 10:45:38 [I]  *     并发协程最多 20 个 ...

2017/03/03 10:45:38 [I]  *     随机停顿时间为 100~400 ms ...

2017/03/03 10:45:38 [I]  * 
2017/03/03 10:45:38 [N]  *                                                                                                 —— 开始抓取，请耐心等候 ——
2017/03/03 10:45:38 [I]  * 
2017/03/03 10:45:38 [I]  *********************************************************************************************************************************** 
2017/03/03 10:45:39 [I]  *     crawl: https://news.jin10.com/datas/cate/1/main.json
2017/03/03 10:45:39 [I]  *     crawl: https://news.jin10.com/datas/cate/4/main.json
2017/03/03 10:45:39 [I]  *     crawl: https://news.jin10.com/datas/cate/5/main.json
2017/03/03 10:45:40 [I]  *     crawl: https://news.jin10.com/datas/cate/6/main.json
2017/03/03 10:45:40 [I]  *     crawl: https://news.jin10.com/datas/cate/7/main.json
2017/03/03 10:45:40 [I]  *     crawl: https://news.jin10.com/datas/cate/13/main.json
2017/03/03 10:45:40 [I]  *     crawl: https://news.jin10.com/datas/cate/1/p207.json
2017/03/03 10:45:40 [I]  *     crawl: https://news.jin10.com/datas/cate/4/p179.json
2017/03/03 10:45:41 [I]  *     crawl: https://news.jin10.com/datas/cate/5/p83.json
2017/03/03 10:45:41 [I]  *     crawl: https://news.jin10.com/datas/cate/6/p110.json
2017/03/03 10:45:41 [I]  *     crawl: https://news.jin10.com/datas/cate/7/p83.json
2017/03/03 10:45:41 [I]  *     crawl: https://news.jin10.com/datas/cate/13/p19.json
2017/03/03 10:45:42 [I]  *     crawl: https://news.jin10.com/details.html?id=12453
2017/03/03 10:45:42 [I]  *     crawl: https://news.jin10.com/details.html?id=12451
2017/03/03 10:45:42 [I]  *     crawl: https://news.jin10.com/details.html?id=12450
2017/03/03 10:45:42 [I]  *     crawl: https://news.jin10.com/details.html?id=12448
2017/03/03 10:45:42 [I]  *     crawl: https://news.jin10.com/details.html?id=12445
2017/03/03 10:45:42 [I]  *     crawl: https://news.jin10.com/details.html?id=12443
2017/03/03 10:45:43 [I]  *     crawl: https://news.jin10.com/details.html?id=12439
2017/03/03 10:45:43 [I]  *     crawl: https://news.jin10.com/details.html?id=12441
2017/03/03 10:45:43 [I]  *     crawl: https://news.jin10.com/details.html?id=12440
2017/03/03 10:45:43 [I]  *     crawl: https://news.jin10.com/details.html?id=12438
2017/03/03 10:45:44 [I]  *     crawl: https://news.jin10.com/details.html?id=12437
2017/03/03 10:45:44 [I]  *     crawl: https://news.jin10.com/details.html?id=12435
2017/03/03 10:45:44 [I]  *     crawl: https://news.jin10.com/details.html?id=12423
2017/03/03 10:45:45 [I]  *     crawl: https://news.jin10.com/details.html?id=12420
2017/03/03 10:45:45 [I]  *     crawl: https://news.jin10.com/details.html?id=12419
2017/03/03 10:45:45 [I]  *     crawl: https://news.jin10.com/details.html?id=12418
2017/03/03 10:45:45 [I]  *     crawl: https://news.jin10.com/details.html?id=12414
2017/03/03 10:45:46 [E]  *     输出时出错: runtime error: invalid memory address or nil pointer dereference
2017/03/03 10:45:46 [I]  *     crawl: https://news.jin10.com/details.html?id=12412
2017/03/03 10:45:46 [I]  *     crawl: https://news.jin10.com/details.html?id=12413
2017/03/03 10:45:47 [I]  *     crawl: https://news.jin10.com/details.html?id=12411
2017/03/03 10:45:47 [I]  *     crawl: https://news.jin10.com/details.html?id=12409
2017/03/03 10:45:47 [I]  *     crawl: https://news.jin10.com/details.html?id=12405
2017/03/03 10:45:47 [I]  *     crawl: https://news.jin10.com/details.html?id=12404
2017/03/03 10:45:48 [I]  *     crawl: https://news.jin10.com/details.html?id=12398
2017/03/03 10:45:48 [I]  *     crawl: https://news.jin10.com/details.html?id=12358
2017/03/03 10:45:48 [I]  *     crawl: https://news.jin10.com/details.html?id=12349
2017/03/03 10:45:48 [I]  *     crawl: https://news.jin10.com/details.html?id=12348
2017/03/03 10:45:49 [I]  *     crawl: https://news.jin10.com/details.html?id=12344
2017/03/03 10:45:49 [I]  *     crawl: https://news.jin10.com/details.html?id=12345
2017/03/03 10:45:49 [I]  *     crawl: https://news.jin10.com/details.html?id=12343
2017/03/03 10:45:49 [I]  *     crawl: https://news.jin10.com/details.html?id=12338
2017/03/03 10:45:50 [I]  *     crawl: https://news.jin10.com/details.html?id=12337
2017/03/03 10:45:50 [I]  *     crawl: https://news.jin10.com/details.html?id=12334
2017/03/03 10:45:50 [E]  *     输出时出错: runtime error: invalid memory address or nil pointer dereference
2017/03/03 10:45:50 [I]  *     crawl: https://news.jin10.com/details.html?id=12333
2017/03/03 10:45:50 [I]  *     crawl: https://news.jin10.com/details.html?id=12331
2017/03/03 10:45:50 [I]  *     crawl: https://news.jin10.com/details.html?id=12323
2017/03/03 10:45:51 [I]  *     crawl: https://news.jin10.com/details.html?id=12447
2017/03/03 10:45:51 [I]  *     crawl: https://news.jin10.com/details.html?id=12444
2017/03/03 10:45:51 [I]  *     crawl: https://news.jin10.com/details.html?id=12426
2017/03/03 10:45:51 [I]  *     crawl: https://news.jin10.com/details.html?id=12416
2017/03/03 10:45:52 [I]  *     crawl: https://news.jin10.com/details.html?id=12410
2017/03/03 10:45:52 [I]  *     crawl: https://news.jin10.com/details.html?id=12406
2017/03/03 10:45:52 [I]  *     crawl: https://news.jin10.com/details.html?id=1714
2017/03/03 10:45:52 [I]  *     crawl: https://news.jin10.com/details.html?id=12352
2017/03/03 10:45:53 [I]  *     crawl: https://news.jin10.com/details.html?id=12340
2017/03/03 10:45:53 [I]  *     crawl: https://news.jin10.com/details.html?id=12316
2017/03/03 10:45:53 [I]  *     crawl: https://news.jin10.com/details.html?id=12312
2017/03/03 10:45:53 [I]  *     crawl: https://news.jin10.com/details.html?id=12452
2017/03/03 10:45:54 [I]  *     crawl: https://news.jin10.com/details.html?id=12449
2017/03/03 10:45:54 [E]  *     输出时出错: runtime error: invalid memory address or nil pointer dereference
2017/03/03 10:45:54 [I]  *     crawl: https://news.jin10.com/details.html?id=12446
2017/03/03 10:45:54 [I]  *     crawl: https://news.jin10.com/details.html?id=12442
2017/03/03 10:45:54 [I]  *     crawl: https://news.jin10.com/details.html?id=12421
2017/03/03 10:45:55 [I]  *     crawl: https://news.jin10.com/details.html?id=12417
2017/03/03 10:45:55 [I]  *     crawl: https://news.jin10.com/details.html?id=12415
2017/03/03 10:45:55 [I]  *     crawl: https://news.jin10.com/details.html?id=12408
2017/03/03 10:45:55 [I]  *     crawl: https://news.jin10.com/details.html?id=12407
2017/03/03 10:45:55 [I]  *     crawl: https://news.jin10.com/details.html?id=12403
2017/03/03 10:45:55 [I]  *     crawl: https://news.jin10.com/details.html?id=12342
2017/03/03 10:45:56 [I]  *     crawl: https://news.jin10.com/details.html?id=12341
2017/03/03 10:45:56 [I]  *     crawl: https://news.jin10.com/details.html?id=12336
2017/03/03 10:45:56 [I]  *     crawl: https://news.jin10.com/details.html?id=12335
2017/03/03 10:45:56 [I]  *     crawl: https://news.jin10.com/details.html?id=12322
2017/03/03 10:47:15 [I]                                                                                                ！！当前运行模式为：[ 单机 ] 模式！！
2017/03/03 10:47:15 [I]  *********************************************************************************************************************************** 
2017/03/03 10:47:15 [I]  * 
2017/03/03 10:47:15 [I]  *     执行任务总数（任务数[*关键词数]）为 1 个 ...

2017/03/03 10:47:15 [I]  *     爬虫池容量为 1 ...

2017/03/03 10:47:15 [I]  *     并发协程最多 20 个 ...

2017/03/03 10:47:15 [I]  *     随机停顿时间为 100~400 ms ...

2017/03/03 10:47:15 [I]  * 
2017/03/03 10:47:15 [N]  *                                                                                                 —— 开始抓取，请耐心等候 ——
2017/03/03 10:47:15 [I]  * 
2017/03/03 10:47:15 [I]  *********************************************************************************************************************************** 
2017/03/03 10:47:15 [I]  *     crawl: https://news.jin10.com/datas/cate/1/main.json
2017/03/03 10:47:16 [I]  *     crawl: https://news.jin10.com/datas/cate/4/main.json
2017/03/03 10:47:16 [I]  *     crawl: https://news.jin10.com/datas/cate/5/main.json
2017/03/03 10:47:16 [I]  *     crawl: https://news.jin10.com/datas/cate/6/main.json
2017/03/03 10:47:16 [I]  *     crawl: https://news.jin10.com/datas/cate/7/main.json
2017/03/03 10:47:17 [I]  *     crawl: https://news.jin10.com/datas/cate/13/main.json
2017/03/03 10:47:17 [I]  *     crawl: https://news.jin10.com/datas/cate/1/p207.json
2017/03/03 10:47:17 [I]  *     crawl: https://news.jin10.com/datas/cate/4/p179.json
2017/03/03 10:47:18 [I]  *     crawl: https://news.jin10.com/datas/cate/5/p83.json
2017/03/03 10:47:18 [I]  *     crawl: https://news.jin10.com/datas/cate/6/p110.json
2017/03/03 10:47:18 [I]  *     crawl: https://news.jin10.com/datas/cate/7/p83.json
2017/03/03 10:47:18 [I]  *     crawl: https://news.jin10.com/datas/cate/13/p19.json
2017/03/03 10:47:18 [I]  *     crawl: https://news.jin10.com/details.html?id=12453
2017/03/03 10:47:19 [I]  *     crawl: https://news.jin10.com/details.html?id=12451
2017/03/03 10:47:19 [I]  *     crawl: https://news.jin10.com/details.html?id=12450
2017/03/03 10:47:19 [I]  *     crawl: https://news.jin10.com/details.html?id=12448
2017/03/03 10:47:19 [I]  *     crawl: https://news.jin10.com/details.html?id=12445
2017/03/03 10:47:19 [I]  *     crawl: https://news.jin10.com/details.html?id=12443
2017/03/03 10:47:20 [I]  *     crawl: https://news.jin10.com/details.html?id=12439
2017/03/03 10:47:20 [I]  *     crawl: https://news.jin10.com/details.html?id=12441
2017/03/03 10:47:20 [I]  *     crawl: https://news.jin10.com/details.html?id=12440
2017/03/03 10:47:20 [I]  *     crawl: https://news.jin10.com/details.html?id=12438
2017/03/03 10:47:21 [I]  *     crawl: https://news.jin10.com/details.html?id=12437
2017/03/03 10:47:21 [I]  *     crawl: https://news.jin10.com/details.html?id=12435
2017/03/03 10:47:21 [I]  *     crawl: https://news.jin10.com/details.html?id=12423
2017/03/03 10:47:21 [I]  *     crawl: https://news.jin10.com/details.html?id=12420
2017/03/03 10:47:22 [I]  *     crawl: https://news.jin10.com/details.html?id=12419
2017/03/03 10:47:22 [I]  *     crawl: https://news.jin10.com/details.html?id=12418
2017/03/03 10:47:22 [I]  *     crawl: https://news.jin10.com/details.html?id=12414
2017/03/03 10:49:12 [I]                                                                                                ！！当前运行模式为：[ 单机 ] 模式！！
2017/03/03 10:49:12 [I]  *********************************************************************************************************************************** 
2017/03/03 10:49:12 [I]  * 
2017/03/03 10:49:12 [I]  *     执行任务总数（任务数[*关键词数]）为 1 个 ...

2017/03/03 10:49:12 [I]  *     爬虫池容量为 1 ...

2017/03/03 10:49:12 [I]  *     并发协程最多 20 个 ...

2017/03/03 10:49:12 [I]  *     随机停顿时间为 100~400 ms ...

2017/03/03 10:49:12 [I]  * 
2017/03/03 10:49:12 [N]  *                                                                                                 —— 开始抓取，请耐心等候 ——
2017/03/03 10:49:12 [I]  * 
2017/03/03 10:49:12 [I]  *********************************************************************************************************************************** 
2017/03/03 10:49:12 [I]  *     crawl: https://news.jin10.com/datas/cate/1/main.json
2017/03/03 10:49:12 [I]  *     crawl: https://news.jin10.com/datas/cate/4/main.json
2017/03/03 10:49:13 [I]  *     crawl: https://news.jin10.com/datas/cate/5/main.json
2017/03/03 10:49:13 [I]  *     crawl: https://news.jin10.com/datas/cate/6/main.json
2017/03/03 10:49:13 [I]  *     crawl: https://news.jin10.com/datas/cate/7/main.json
2017/03/03 10:49:13 [I]  *     crawl: https://news.jin10.com/datas/cate/13/main.json
2017/03/03 10:49:14 [I]  *     crawl: https://news.jin10.com/datas/cate/1/p207.json
2017/03/03 10:49:14 [I]  *     crawl: https://news.jin10.com/datas/cate/4/p179.json
2017/03/03 10:49:14 [I]  *     crawl: https://news.jin10.com/datas/cate/5/p83.json
2017/03/03 10:49:14 [I]  *     crawl: https://news.jin10.com/datas/cate/6/p110.json
2017/03/03 10:49:15 [I]  *     crawl: https://news.jin10.com/datas/cate/7/p83.json
2017/03/03 10:49:15 [I]  *     crawl: https://news.jin10.com/datas/cate/13/p19.json
2017/03/03 10:49:15 [I]  *     crawl: https://news.jin10.com/details.html?id=12453
2017/03/03 10:49:15 [I]  *     crawl: https://news.jin10.com/details.html?id=12451
2017/03/03 10:49:16 [I]  *     crawl: https://news.jin10.com/details.html?id=12450
2017/03/03 10:49:16 [I]  *     crawl: https://news.jin10.com/details.html?id=12448
2017/03/03 10:49:16 [I]  *     crawl: https://news.jin10.com/details.html?id=12445
2017/03/03 10:49:16 [I]  *     crawl: https://news.jin10.com/details.html?id=12443
2017/03/03 10:49:16 [I]  *     crawl: https://news.jin10.com/details.html?id=12439
2017/03/03 10:49:17 [I]  *     crawl: https://news.jin10.com/details.html?id=12441
2017/03/03 10:49:17 [I]  *     crawl: https://news.jin10.com/details.html?id=12440
2017/03/03 10:49:17 [I]  *     crawl: https://news.jin10.com/details.html?id=12438
2017/03/03 10:49:17 [I]  *     crawl: https://news.jin10.com/details.html?id=12437
2017/03/03 10:49:18 [I]  *     crawl: https://news.jin10.com/details.html?id=12435
2017/03/03 10:49:18 [I]  *     crawl: https://news.jin10.com/details.html?id=12423
2017/03/03 10:49:18 [I]  *     crawl: https://news.jin10.com/details.html?id=12420
2017/03/03 10:49:19 [I]  *     crawl: https://news.jin10.com/details.html?id=12419
2017/03/03 10:49:19 [I]  *     crawl: https://news.jin10.com/details.html?id=12418
2017/03/03 10:49:19 [I]  *     crawl: https://news.jin10.com/details.html?id=12414
2017/03/03 10:49:19 [I]  *     crawl: https://news.jin10.com/details.html?id=12412
2017/03/03 10:52:47 [I]                                                                                                ！！当前运行模式为：[ 单机 ] 模式！！
2017/03/03 10:52:47 [I]  *********************************************************************************************************************************** 
2017/03/03 10:52:47 [I]  * 
2017/03/03 10:52:47 [I]  *     执行任务总数（任务数[*关键词数]）为 1 个 ...

2017/03/03 10:52:47 [I]  *     爬虫池容量为 1 ...

2017/03/03 10:52:47 [I]  *     并发协程最多 20 个 ...

2017/03/03 10:52:47 [I]  *     随机停顿时间为 100~400 ms ...

2017/03/03 10:52:47 [I]  * 
2017/03/03 10:52:47 [N]  *                                                                                                 —— 开始抓取，请耐心等候 ——
2017/03/03 10:52:47 [I]  * 
2017/03/03 10:52:47 [I]  *********************************************************************************************************************************** 
2017/03/03 10:52:47 [I]  *     crawl: https://news.jin10.com/datas/cate/1/main.json
2017/03/03 10:52:48 [I]  *     crawl: https://news.jin10.com/datas/cate/4/main.json
2017/03/03 10:52:48 [I]  *     crawl: https://news.jin10.com/datas/cate/5/main.json
2017/03/03 10:52:48 [I]  *     crawl: https://news.jin10.com/datas/cate/6/main.json
2017/03/03 10:52:48 [I]  *     crawl: https://news.jin10.com/datas/cate/7/main.json
2017/03/03 10:52:48 [I]  *     crawl: https://news.jin10.com/datas/cate/13/main.json
2017/03/03 10:52:49 [I]  *     crawl: https://news.jin10.com/datas/cate/1/p207.json
2017/03/03 10:52:49 [I]  *     crawl: https://news.jin10.com/datas/cate/4/p179.json
2017/03/03 10:52:49 [I]  *     crawl: https://news.jin10.com/datas/cate/5/p83.json
2017/03/03 10:52:49 [I]  *     crawl: https://news.jin10.com/datas/cate/6/p110.json
2017/03/03 10:52:50 [I]  *     crawl: https://news.jin10.com/datas/cate/7/p83.json
2017/03/03 10:52:50 [I]  *     crawl: https://news.jin10.com/datas/cate/13/p19.json
2017/03/03 10:52:50 [I]  *     crawl: https://news.jin10.com/details.html?id=12453
2017/03/03 10:52:50 [I]  *     crawl: https://news.jin10.com/details.html?id=12451
2017/03/03 10:52:51 [I]  *     crawl: https://news.jin10.com/details.html?id=12450
2017/03/03 10:52:51 [I]  *     crawl: https://news.jin10.com/details.html?id=12448
2017/03/03 10:52:51 [I]  *     crawl: https://news.jin10.com/details.html?id=12445
2017/03/03 10:52:51 [I]  *     crawl: https://news.jin10.com/details.html?id=12443
2017/03/03 10:52:51 [I]  *     crawl: https://news.jin10.com/details.html?id=12439
2017/03/03 10:52:52 [I]  *     crawl: https://news.jin10.com/details.html?id=12441
2017/03/03 10:52:52 [I]  *     crawl: https://news.jin10.com/details.html?id=12440
2017/03/03 10:52:52 [I]  *     crawl: https://news.jin10.com/details.html?id=12438
2017/03/03 10:52:52 [I]  *     crawl: https://news.jin10.com/details.html?id=12437
2017/03/03 10:52:53 [I]  *     crawl: https://news.jin10.com/details.html?id=12435
2017/03/03 10:52:53 [I]  *     crawl: https://news.jin10.com/details.html?id=12423
2017/03/03 10:52:54 [I]  *     crawl: https://news.jin10.com/details.html?id=12420
2017/03/03 10:52:54 [I]  *     crawl: https://news.jin10.com/details.html?id=12419
2017/03/03 10:52:54 [I]  *     crawl: https://news.jin10.com/details.html?id=12418
2017/03/03 10:52:54 [I]  *     crawl: https://news.jin10.com/details.html?id=12414
2017/03/03 10:52:54 [I]  *     crawl: https://news.jin10.com/details.html?id=12412
2017/03/03 10:52:54 [I]  *     crawl: https://news.jin10.com/details.html?id=12413
2017/03/03 10:52:55 [I]  *     crawl: https://news.jin10.com/details.html?id=12411
2017/03/03 10:52:55 [I]  *     crawl: https://news.jin10.com/details.html?id=12409
2017/03/03 10:52:55 [I]  *     crawl: https://news.jin10.com/details.html?id=12405
2017/03/03 10:52:56 [I]  *     crawl: https://news.jin10.com/details.html?id=12404
2017/03/03 10:52:56 [I]  *     crawl: https://news.jin10.com/details.html?id=12398
2017/03/03 10:52:56 [I]  *     crawl: https://news.jin10.com/details.html?id=12358
2017/03/03 10:52:56 [I]  *     crawl: https://news.jin10.com/details.html?id=12349
2017/03/03 10:52:57 [I]  *     crawl: https://news.jin10.com/details.html?id=12348
2017/03/03 10:52:57 [I]  *     crawl: https://news.jin10.com/details.html?id=12344
2017/03/03 10:52:57 [I]  *     crawl: https://news.jin10.com/details.html?id=12345
2017/03/03 10:52:57 [I]  *     crawl: https://news.jin10.com/details.html?id=12343
2017/03/03 10:52:58 [I]  *     crawl: https://news.jin10.com/details.html?id=12338
2017/03/03 10:52:58 [I]  *     crawl: https://news.jin10.com/details.html?id=12337
2017/03/03 10:52:58 [I]  *     crawl: https://news.jin10.com/details.html?id=12334
2017/03/03 10:52:58 [I]  *     crawl: https://news.jin10.com/details.html?id=12333
2017/03/03 10:52:59 [I]  *     crawl: https://news.jin10.com/details.html?id=12331
2017/03/03 10:52:59 [I]  *     crawl: https://news.jin10.com/details.html?id=12323
2017/03/03 10:52:59 [I]  *     crawl: https://news.jin10.com/details.html?id=12447
2017/03/03 10:52:59 [I]  *     crawl: https://news.jin10.com/details.html?id=12444
2017/03/03 10:53:00 [I]  *     crawl: https://news.jin10.com/details.html?id=12426
2017/03/03 10:53:00 [I]  *     crawl: https://news.jin10.com/details.html?id=12416
2017/03/03 10:55:23 [I]                                                                                                ！！当前运行模式为：[ 单机 ] 模式！！
2017/03/03 10:55:23 [I]  *********************************************************************************************************************************** 
2017/03/03 10:55:23 [I]  * 
2017/03/03 10:55:23 [I]  *     执行任务总数（任务数[*关键词数]）为 1 个 ...

2017/03/03 10:55:23 [I]  *     爬虫池容量为 1 ...

2017/03/03 10:55:23 [I]  *     并发协程最多 20 个 ...

2017/03/03 10:55:23 [I]  *     随机停顿时间为 100~400 ms ...

2017/03/03 10:55:23 [I]  * 
2017/03/03 10:55:23 [N]  *                                                                                                 —— 开始抓取，请耐心等候 ——
2017/03/03 10:55:23 [I]  * 
2017/03/03 10:55:23 [I]  *********************************************************************************************************************************** 
2017/03/03 10:55:24 [I]  *     crawl: https://news.jin10.com/datas/cate/1/main.json
2017/03/03 10:55:24 [I]  *     crawl: https://news.jin10.com/datas/cate/4/main.json
2017/03/03 10:55:24 [I]  *     crawl: https://news.jin10.com/datas/cate/5/main.json
2017/03/03 10:55:24 [I]  *     crawl: https://news.jin10.com/datas/cate/6/main.json
2017/03/03 10:55:25 [I]  *     crawl: https://news.jin10.com/datas/cate/7/main.json
2017/03/03 10:55:25 [I]  *     crawl: https://news.jin10.com/datas/cate/13/main.json
2017/03/03 10:55:25 [I]  *     crawl: https://news.jin10.com/datas/cate/1/p207.json
2017/03/03 10:55:25 [I]  *     crawl: https://news.jin10.com/datas/cate/4/p179.json
2017/03/03 10:55:26 [I]  *     crawl: https://news.jin10.com/datas/cate/5/p83.json
2017/03/03 10:55:26 [I]  *     crawl: https://news.jin10.com/datas/cate/6/p110.json
2017/03/03 10:55:26 [I]  *     crawl: https://news.jin10.com/datas/cate/7/p83.json
2017/03/03 10:55:26 [I]  *     crawl: https://news.jin10.com/datas/cate/13/p19.json
2017/03/03 10:55:26 [I]  *     crawl: https://news.jin10.com/datas/details/12453.json
2017/03/03 10:55:27 [I]  *     crawl: https://news.jin10.com/datas/details/12451.json
2017/03/03 10:55:27 [I]  *     crawl: https://news.jin10.com/datas/details/12450.json
2017/03/03 10:55:27 [I]  *     crawl: https://news.jin10.com/datas/details/12448.json
2017/03/03 10:55:27 [I]  *     crawl: https://news.jin10.com/datas/details/12445.json
2017/03/03 10:55:28 [I]  *     crawl: https://news.jin10.com/datas/details/12443.json
2017/03/03 10:55:28 [I]  *     crawl: https://news.jin10.com/datas/details/12439.json
2017/03/03 10:55:28 [I]  *     crawl: https://news.jin10.com/datas/details/12441.json
2017/03/03 10:55:28 [I]  *     crawl: https://news.jin10.com/datas/details/12440.json
2017/03/03 10:55:29 [I]  *     crawl: https://news.jin10.com/datas/details/12438.json
2017/03/03 10:55:29 [I]  *     crawl: https://news.jin10.com/datas/details/12437.json
2017/03/03 10:55:29 [I]  *     crawl: https://news.jin10.com/datas/details/12435.json
2017/03/03 10:58:14 [I]                                                                                                ！！当前运行模式为：[ 单机 ] 模式！！
2017/03/03 10:58:14 [I]  *********************************************************************************************************************************** 
2017/03/03 10:58:14 [I]  * 
2017/03/03 10:58:14 [I]  *     执行任务总数（任务数[*关键词数]）为 1 个 ...

2017/03/03 10:58:14 [I]  *     爬虫池容量为 1 ...

2017/03/03 10:58:14 [I]  *     并发协程最多 20 个 ...

2017/03/03 10:58:14 [I]  *     随机停顿时间为 100~400 ms ...

2017/03/03 10:58:14 [I]  * 
2017/03/03 10:58:14 [N]  *                                                                                                 —— 开始抓取，请耐心等候 ——
2017/03/03 10:58:14 [I]  * 
2017/03/03 10:58:14 [I]  *********************************************************************************************************************************** 
2017/03/03 10:58:14 [I]  *     crawl: https://news.jin10.com/datas/cate/1/main.json
2017/03/03 10:58:14 [I]  *     crawl: https://news.jin10.com/datas/cate/4/main.json
2017/03/03 10:58:15 [I]  *     crawl: https://news.jin10.com/datas/cate/5/main.json
2017/03/03 10:58:15 [I]  *     crawl: https://news.jin10.com/datas/cate/6/main.json
2017/03/03 10:58:15 [I]  *     crawl: https://news.jin10.com/datas/cate/7/main.json
2017/03/03 10:58:16 [I]  *     crawl: https://news.jin10.com/datas/cate/13/main.json
2017/03/03 10:58:16 [I]  *     crawl: https://news.jin10.com/datas/cate/4/p179.json
2017/03/03 10:58:16 [I]  *     crawl: https://news.jin10.com/datas/cate/1/p207.json
2017/03/03 10:58:16 [I]  *     crawl: https://news.jin10.com/datas/cate/5/p83.json
2017/03/03 10:58:16 [I]  *     crawl: https://news.jin10.com/datas/cate/6/p110.json
2017/03/03 10:58:16 [I]  *     crawl: https://news.jin10.com/datas/cate/7/p83.json
2017/03/03 10:58:17 [I]  *     crawl: https://news.jin10.com/datas/cate/13/p19.json
2017/03/03 10:58:17 [I]  *     crawl: https://news.jin10.com/datas/details/12450.json
2017/03/03 10:58:17 [I]  *     crawl: https://news.jin10.com/datas/details/12447.json
2017/03/03 10:58:18 [I]  *     crawl: https://news.jin10.com/datas/details/12445.json
2017/03/03 10:58:18 [I]  *     crawl: https://news.jin10.com/datas/details/12444.json
2017/03/03 10:58:18 [I]  *     crawl: https://news.jin10.com/datas/details/12439.json
2017/03/03 10:58:18 [I]  *     crawl: https://news.jin10.com/datas/details/12437.json
2017/03/03 10:58:19 [I]  *     crawl: https://news.jin10.com/datas/details/12426.json
2017/03/03 10:58:19 [I]  *     crawl: https://news.jin10.com/datas/details/12416.json
2017/03/03 10:58:19 [I]  *     crawl: https://news.jin10.com/datas/details/12414.json
2017/03/03 10:58:19 [I]  *     crawl: https://news.jin10.com/datas/details/12411.json
2017/03/03 10:58:20 [I]  *     crawl: https://news.jin10.com/datas/details/12410.json
2017/03/03 10:58:20 [I]  *     crawl: https://news.jin10.com/datas/details/12406.json
2017/03/03 10:58:20 [I]  *     crawl: https://news.jin10.com/datas/details/1714.json
2017/03/03 10:58:20 [I]  *     crawl: https://news.jin10.com/datas/details/12352.json
2017/03/03 10:58:21 [I]  *     crawl: https://news.jin10.com/datas/details/12349.json
2017/03/03 10:58:21 [I]  *     crawl: https://news.jin10.com/datas/details/12344.json
2017/03/03 10:58:21 [I]  *     crawl: https://news.jin10.com/datas/details/12340.json
2017/03/03 10:58:21 [I]  *     crawl: https://news.jin10.com/datas/details/12338.json
2017/03/03 10:58:22 [I]  *     crawl: https://news.jin10.com/datas/details/12334.json
2017/03/03 10:58:22 [I]  * 
2017/03/03 10:58:22 [N]  *     [任务：Jinshinew | 关键词：1 | 批次：1]   输出 16 条数据，用时 0.13774 分钟！

2017/03/03 10:58:22 [I]  * 
2017/03/03 10:58:22 [I]  *     crawl: https://news.jin10.com/datas/details/12316.json
2017/03/03 10:58:22 [I]  *     crawl: https://news.jin10.com/datas/details/12312.json
2017/03/03 10:58:23 [I]  *     crawl: https://news.jin10.com/datas/details/12453.json
2017/03/03 10:58:23 [I]  *     crawl: https://news.jin10.com/datas/details/12451.json
2017/03/03 10:58:23 [I]  *     crawl: https://news.jin10.com/datas/details/12448.json
2017/03/03 10:58:23 [I]  *     crawl: https://news.jin10.com/datas/details/12443.json
2017/03/03 10:58:23 [I]  *     crawl: https://news.jin10.com/datas/details/12441.json
2017/03/03 10:58:24 [I]  *     crawl: https://news.jin10.com/datas/details/12440.json
2017/03/03 10:58:24 [I]  *     crawl: https://news.jin10.com/datas/details/12438.json
2017/03/03 10:58:24 [I]  *     crawl: https://news.jin10.com/datas/details/12435.json
2017/03/03 10:58:24 [I]  *     crawl: https://news.jin10.com/datas/details/12423.json
2017/03/03 10:58:24 [I]  *     crawl: https://news.jin10.com/datas/details/12420.json
2017/03/03 10:58:25 [I]  *     crawl: https://news.jin10.com/datas/details/12419.json
2017/03/03 10:58:25 [I]  *     crawl: https://news.jin10.com/datas/details/12418.json
2017/03/03 10:58:25 [I]  *     crawl: https://news.jin10.com/datas/details/12412.json
2017/03/03 10:58:25 [I]  *     crawl: https://news.jin10.com/datas/details/12413.json
2017/03/03 10:58:26 [I]  * 
2017/03/03 10:58:26 [N]  *     [任务：Jinshinew | 关键词：1 | 批次：2]   输出 16 条数据，用时 0.19793 分钟！

2017/03/03 10:58:26 [I]  * 
2017/03/03 10:58:26 [I]  *     crawl: https://news.jin10.com/datas/details/12409.json
2017/03/03 10:58:26 [I]  *     crawl: https://news.jin10.com/datas/details/12405.json
2017/03/03 10:58:26 [I]  *     crawl: https://news.jin10.com/datas/details/12404.json
2017/03/03 10:58:26 [I]  *     crawl: https://news.jin10.com/datas/details/12398.json
2017/03/03 10:58:26 [I]  *     crawl: https://news.jin10.com/datas/details/12358.json
2017/03/03 10:58:27 [I]  *     crawl: https://news.jin10.com/datas/details/12348.json
2017/03/03 10:58:27 [I]  *     crawl: https://news.jin10.com/datas/details/12345.json
2017/03/03 10:58:27 [I]  *     crawl: https://news.jin10.com/datas/details/12343.json
2017/03/03 10:58:27 [I]  *     crawl: https://news.jin10.com/datas/details/12337.json
2017/03/03 10:58:28 [I]  *     crawl: https://news.jin10.com/datas/details/12333.json
2017/03/03 10:58:28 [I]  *     crawl: https://news.jin10.com/datas/details/12331.json
2017/03/03 10:58:28 [I]  *     crawl: https://news.jin10.com/datas/details/12323.json
2017/03/03 10:58:28 [I]  *     crawl: https://news.jin10.com/datas/details/12452.json
2017/03/03 10:58:29 [I]  *     crawl: https://news.jin10.com/datas/details/12449.json
2017/03/03 10:58:29 [I]  *     crawl: https://news.jin10.com/datas/details/12446.json
2017/03/03 10:58:29 [I]  * 
2017/03/03 10:58:29 [N]  *     [任务：Jinshinew | 关键词：1 | 批次：3]   输出 16 条数据，用时 0.25806 分钟！

2017/03/03 10:58:29 [I]  * 
2017/03/03 10:58:29 [I]  *     crawl: https://news.jin10.com/datas/details/12442.json
2017/03/03 10:58:30 [I]  *     crawl: https://news.jin10.com/datas/details/12421.json
2017/03/03 10:58:30 [I]  *     crawl: https://news.jin10.com/datas/details/12417.json
2017/03/03 10:58:30 [I]  *     crawl: https://news.jin10.com/datas/details/12415.json
2017/03/03 10:58:30 [I]  *     crawl: https://news.jin10.com/datas/details/12408.json
2017/03/03 10:58:30 [I]  *     crawl: https://news.jin10.com/datas/details/12407.json
2017/03/03 10:58:31 [I]  *     crawl: https://news.jin10.com/datas/details/12403.json
2017/03/03 10:58:31 [I]  *     crawl: https://news.jin10.com/datas/details/12342.json
2017/03/03 10:58:31 [I]  *     crawl: https://news.jin10.com/datas/details/12341.json
2017/03/03 10:58:31 [I]  *     crawl: https://news.jin10.com/datas/details/12336.json
2017/03/03 10:58:32 [I]  *     crawl: https://news.jin10.com/datas/details/12335.json
2017/03/03 10:58:32 [I]  *     crawl: https://news.jin10.com/datas/details/12322.json
2017/03/03 10:58:32 [I]  *     crawl: https://news.jin10.com/datas/details/12317.json
2017/03/03 10:58:32 [I]  *     crawl: https://news.jin10.com/datas/details/12314.json
2017/03/03 10:58:33 [I]  *     crawl: https://news.jin10.com/datas/details/12308.json
2017/03/03 10:58:33 [I]  *     crawl: https://news.jin10.com/datas/details/12396.json
2017/03/03 10:58:33 [I]  * 
2017/03/03 10:58:33 [N]  *     [任务：Jinshinew | 关键词：1 | 批次：4]   输出 16 条数据，用时 0.32480 分钟！

2017/03/03 10:58:33 [I]  * 
2017/03/03 10:58:33 [I]  *     crawl: https://news.jin10.com/datas/details/12339.json
2017/03/03 10:58:34 [I]  *     crawl: https://news.jin10.com/datas/details/12310.json
2017/03/03 10:58:34 [I]  *     crawl: https://news.jin10.com/datas/details/12309.json
2017/03/03 10:58:34 [I]  *     crawl: https://news.jin10.com/datas/details/12301.json
2017/03/03 10:58:34 [I]  *     crawl: https://news.jin10.com/datas/details/12290.json
2017/03/03 10:58:34 [I]  *     crawl: https://news.jin10.com/datas/details/12289.json
2017/03/03 10:58:35 [I]  *     crawl: https://news.jin10.com/datas/details/12271.json
2017/03/03 10:58:35 [I]  *     crawl: https://news.jin10.com/datas/details/12270.json
2017/03/03 10:58:35 [I]  *     crawl: https://news.jin10.com/datas/details/12305.json
2017/03/03 10:58:35 [I]  *     crawl: https://news.jin10.com/datas/details/12297.json
2017/03/03 10:58:36 [I]  *     crawl: https://news.jin10.com/datas/details/12267.json
2017/03/03 10:58:36 [I]  *     crawl: https://news.jin10.com/datas/details/12263.json
2017/03/03 10:58:36 [I]  *     crawl: https://news.jin10.com/datas/details/12262.json
2017/03/03 10:58:37 [I]  *     crawl: https://news.jin10.com/datas/details/12238.json
2017/03/03 10:58:37 [I]  *     crawl: https://news.jin10.com/datas/details/12227.json
2017/03/03 10:58:37 [I]  *     crawl: https://news.jin10.com/datas/details/12208.json
2017/03/03 10:58:37 [I]  * 
2017/03/03 10:58:37 [N]  *     [任务：Jinshinew | 关键词：1 | 批次：5]   输出 16 条数据，用时 0.38867 分钟！

2017/03/03 10:58:37 [I]  * 
2017/03/03 10:58:37 [I]  *     crawl: https://news.jin10.com/datas/details/12202.json
2017/03/03 10:58:37 [I]  *     crawl: https://news.jin10.com/datas/details/12201.json
2017/03/03 10:58:38 [I]  *     crawl: https://news.jin10.com/datas/details/12199.json
2017/03/03 10:58:38 [I]  *     crawl: https://news.jin10.com/datas/details/12198.json
2017/03/03 10:58:38 [I]  *     crawl: https://news.jin10.com/datas/details/12190.json
2017/03/03 10:58:38 [I]  *     crawl: https://news.jin10.com/datas/details/12186.json
2017/03/03 10:58:39 [I]  *     crawl: https://news.jin10.com/datas/details/12183.json
2017/03/03 10:58:39 [I]  *     crawl: https://news.jin10.com/datas/details/12180.json
2017/03/03 10:58:39 [I]  *     crawl: https://news.jin10.com/datas/details/12161.json
2017/03/03 10:58:39 [I]  *     crawl: https://news.jin10.com/datas/details/12156.json
2017/03/03 10:58:39 [I]  *     crawl: https://news.jin10.com/datas/details/12347.json
2017/03/03 10:58:40 [I]  *     crawl: https://news.jin10.com/datas/details/12299.json
2017/03/03 10:58:40 [I]  *     crawl: https://news.jin10.com/datas/details/12260.json
2017/03/03 10:58:40 [I]  *     crawl: https://news.jin10.com/datas/details/12257.json
2017/03/03 10:58:41 [I]  *     crawl: https://news.jin10.com/datas/details/12203.json
2017/03/03 10:58:41 [I]  * 
2017/03/03 10:58:41 [N]  *     [任务：Jinshinew | 关键词：1 | 批次：6]   输出 16 条数据，用时 0.45098 分钟！

2017/03/03 10:58:41 [I]  * 
2017/03/03 10:58:41 [I]  *     crawl: https://news.jin10.com/datas/details/12197.json
2017/03/03 10:58:41 [I]  *     crawl: https://news.jin10.com/datas/details/12169.json
2017/03/03 10:58:41 [I]  *     crawl: https://news.jin10.com/datas/details/12128.json
2017/03/03 10:58:42 [I]  *     crawl: https://news.jin10.com/datas/details/12107.json
2017/03/03 10:58:42 [I]  *     crawl: https://news.jin10.com/datas/details/12076.json
2017/03/03 10:58:42 [I]  *     crawl: https://news.jin10.com/datas/details/12077.json
2017/03/03 10:58:42 [I]  *     crawl: https://news.jin10.com/datas/details/12061.json
2017/03/03 10:58:43 [I]  *     crawl: https://news.jin10.com/datas/details/12003.json
2017/03/03 10:58:43 [I]  *     crawl: https://news.jin10.com/datas/details/11994.json
2017/03/03 10:58:43 [I]  *     crawl: https://news.jin10.com/datas/details/11970.json
2017/03/03 10:58:43 [I]  *     crawl: https://news.jin10.com/datas/details/11543.json
2017/03/03 10:58:44 [I]  *     crawl: https://news.jin10.com/datas/details/11914.json
2017/03/03 10:58:44 [I]  *     crawl: https://news.jin10.com/datas/details/11822.json
2017/03/03 10:58:44 [I]  *     crawl: https://news.jin10.com/datas/details/11815.json
2017/03/03 10:58:45 [I]  *     crawl: https://news.jin10.com/datas/details/11761.json
2017/03/03 10:58:45 [I]  *     crawl: https://news.jin10.com/datas/details/11747.json
2017/03/03 10:58:45 [I]  *     crawl: https://news.jin10.com/datas/details/3393.json
2017/03/03 10:58:45 [I]  *     crawl: https://news.jin10.com/datas/details/11721.json
2017/03/03 10:58:45 [I]  * 
2017/03/03 10:58:45 [N]  *     [任务：Jinshinew | 关键词：1 | 批次：7]   输出 16 条数据，用时 0.52133 分钟！

2017/03/03 10:58:45 [I]  * 
2017/03/03 10:58:45 [I]  *     crawl: https://news.jin10.com/datas/details/11684.json
2017/03/03 10:58:45 [I]  *     crawl: https://news.jin10.com/datas/details/11665.json
2017/03/03 10:58:46 [I]  *     crawl: https://news.jin10.com/datas/details/11646.json
2017/03/03 10:58:46 [I]  *     crawl: https://news.jin10.com/datas/details/11626.json
2017/03/03 10:58:46 [I]  *     crawl: https://news.jin10.com/datas/details/11612.json
2017/03/03 10:58:47 [I]  *     crawl: https://news.jin10.com/datas/details/11605.json
2017/03/03 10:58:47 [I]  *     crawl: https://news.jin10.com/datas/details/11609.json
2017/03/03 10:58:47 [I]  *     crawl: https://news.jin10.com/datas/details/11603.json
2017/03/03 10:58:47 [I]  *     crawl: https://news.jin10.com/datas/details/11583.json
2017/03/03 10:58:47 [I]  *     crawl: https://news.jin10.com/datas/details/11557.json
2017/03/03 10:58:48 [I]  *     crawl: https://news.jin10.com/datas/details/11565.json
2017/03/03 10:58:48 [I]  *     crawl: https://news.jin10.com/datas/details/11554.json
2017/03/03 10:58:48 [I]  *     crawl: https://news.jin10.com/datas/details/11538.json
2017/03/03 10:58:49 [I]  * 
2017/03/03 10:58:49 [N]  *     [任务：Jinshinew | 关键词：1 | 批次：8]   输出 16 条数据，用时 0.58243 分钟！

2017/03/03 10:58:49 [I]  * 
2017/03/03 10:58:49 [I]  *     crawl: https://news.jin10.com/datas/details/11514.json
2017/03/03 10:58:49 [I]  *     crawl: https://news.jin10.com/datas/details/11525.json
2017/03/03 10:58:49 [I]  *     crawl: https://news.jin10.com/datas/details/11494.json
2017/03/03 10:58:49 [I]  * 
2017/03/03 10:58:49 [N]  *     [任务：Jinshinew | 关键词：1 | 批次：9]   输出 3 条数据，用时 0.59568 分钟！

2017/03/03 10:58:49 [I]  * 
2017/03/03 10:58:50 [I]  * 
2017/03/03 10:58:50 [N]  *     [输出报告 -> 任务：Jinshinew | 关键词：1]   共输出数据 131 条，用时 0.60370 分钟！

2017/03/03 10:58:50 [I]  * 
2017/03/03 10:58:50 [I]  *********************************************************************************************************************************** 
2017/03/03 10:58:50 [I]  * 
2017/03/03 10:58:50 [N]  *                            —— 本次合计抓取 131 条数据，下载页面 143 个（成功：143，失败：0），耗时：0.60370 分钟 ——
2017/03/03 10:58:50 [I]  * 
2017/03/03 10:58:50 [I]  *********************************************************************************************************************************** 
2017/03/03 11:03:03 [I]                                                                                                ！！当前运行模式为：[ 单机 ] 模式！！
2017/03/03 11:03:03 [I]  *********************************************************************************************************************************** 
2017/03/03 11:03:03 [I]  * 
2017/03/03 11:03:03 [I]  *     执行任务总数（任务数[*关键词数]）为 1 个 ...

2017/03/03 11:03:03 [I]  *     爬虫池容量为 1 ...

2017/03/03 11:03:03 [I]  *     并发协程最多 20 个 ...

2017/03/03 11:03:03 [I]  *     随机停顿时间为 100~400 ms ...

2017/03/03 11:03:03 [I]  * 
2017/03/03 11:03:03 [N]  *                                                                                                 —— 开始抓取，请耐心等候 ——
2017/03/03 11:03:03 [I]  * 
2017/03/03 11:03:03 [I]  *********************************************************************************************************************************** 
2017/03/03 11:03:03 [I]  *     crawl: https://news.jin10.com/datas/cate/1/main.json
2017/03/03 11:03:03 [I]  *     crawl: https://news.jin10.com/datas/cate/4/main.json
2017/03/03 11:03:04 [I]  *     crawl: https://news.jin10.com/datas/cate/5/main.json
2017/03/03 11:03:04 [I]  *     crawl: https://news.jin10.com/datas/cate/6/main.json
2017/03/03 11:03:04 [I]  *     crawl: https://news.jin10.com/datas/cate/7/main.json
2017/03/03 11:03:04 [I]  *     crawl: https://news.jin10.com/datas/cate/13/main.json
2017/03/03 11:03:05 [I]  *     crawl: https://news.jin10.com/datas/cate/1/p207.json
2017/03/03 11:03:05 [I]  *     crawl: https://news.jin10.com/datas/cate/4/p179.json
2017/03/03 11:03:05 [I]  *     crawl: https://news.jin10.com/datas/cate/5/p83.json
2017/03/03 11:03:05 [I]  *     crawl: https://news.jin10.com/datas/cate/6/p110.json
2017/03/03 11:03:06 [I]  *     crawl: https://news.jin10.com/datas/cate/7/p83.json
2017/03/03 11:03:06 [I]  *     crawl: https://news.jin10.com/datas/cate/13/p19.json
2017/03/03 11:03:06 [I]  *     crawl: https://news.jin10.com/datas/details/12453.json
2017/03/03 11:03:06 [I]  *     crawl: https://news.jin10.com/datas/details/12451.json
2017/03/03 11:03:07 [I]  *     crawl: https://news.jin10.com/datas/details/12450.json
2017/03/03 11:03:07 [I]  *     crawl: https://news.jin10.com/datas/details/12448.json
2017/03/03 11:03:07 [I]  *     crawl: https://news.jin10.com/datas/details/12445.json
2017/03/03 11:03:08 [I]  *     crawl: https://news.jin10.com/datas/details/12443.json
2017/03/03 11:03:08 [I]  *     crawl: https://news.jin10.com/datas/details/12439.json
2017/03/03 11:03:08 [I]  *     crawl: https://news.jin10.com/datas/details/12441.json
2017/03/03 11:03:08 [I]  *     crawl: https://news.jin10.com/datas/details/12440.json
2017/03/03 11:03:08 [I]  *     crawl: https://news.jin10.com/datas/details/12438.json
2017/03/03 11:03:09 [I]  *     crawl: https://news.jin10.com/datas/details/12437.json
2017/03/03 11:03:09 [I]  *     crawl: https://news.jin10.com/datas/details/12435.json
2017/03/03 11:03:09 [I]  *     crawl: https://news.jin10.com/datas/details/12423.json
2017/03/03 11:03:09 [I]  *     crawl: https://news.jin10.com/datas/details/12420.json
2017/03/03 11:03:10 [I]  *     crawl: https://news.jin10.com/datas/details/12419.json
2017/03/03 11:03:10 [I]  *     crawl: https://news.jin10.com/datas/details/12418.json
2017/03/03 11:03:10 [I]  *     crawl: https://news.jin10.com/datas/details/12414.json
2017/03/03 11:03:10 [I]  *     crawl: https://news.jin10.com/datas/details/12412.json
2017/03/03 11:03:11 [I]  *     crawl: https://news.jin10.com/datas/details/12413.json
2017/03/03 11:03:11 [I]  *     crawl: https://news.jin10.com/datas/details/12411.json
2017/03/03 11:03:11 [I]  *     crawl: https://news.jin10.com/datas/details/12409.json
2017/03/03 11:03:11 [I]  * 
2017/03/03 11:03:11 [N]  *     [任务：Jinshinew | 关键词：1 | 批次：1]   输出 16 条数据，用时 0.14136 分钟！

2017/03/03 11:03:11 [I]  * 
2017/03/03 11:03:11 [I]  *     crawl: https://news.jin10.com/datas/details/12405.json
2017/03/03 11:03:12 [I]  *     crawl: https://news.jin10.com/datas/details/12404.json
2017/03/03 11:03:12 [I]  *     crawl: https://news.jin10.com/datas/details/12398.json
2017/03/03 11:03:12 [I]  *     crawl: https://news.jin10.com/datas/details/12358.json
2017/03/03 11:03:12 [I]  *     crawl: https://news.jin10.com/datas/details/12349.json
2017/03/03 11:03:13 [I]  *     crawl: https://news.jin10.com/datas/details/12348.json
2017/03/03 11:03:13 [I]  *     crawl: https://news.jin10.com/datas/details/12344.json
2017/03/03 11:03:13 [I]  *     crawl: https://news.jin10.com/datas/details/12345.json
2017/03/03 11:03:13 [I]  *     crawl: https://news.jin10.com/datas/details/12343.json
2017/03/03 11:03:14 [I]  *     crawl: https://news.jin10.com/datas/details/12338.json
2017/03/03 11:03:14 [I]  *     crawl: https://news.jin10.com/datas/details/12337.json
2017/03/03 11:03:14 [I]  *     crawl: https://news.jin10.com/datas/details/12334.json
2017/03/03 11:03:14 [I]  *     crawl: https://news.jin10.com/datas/details/12333.json
2017/03/03 11:03:14 [I]  *     crawl: https://news.jin10.com/datas/details/12331.json
2017/03/03 11:03:15 [I]  *     crawl: https://news.jin10.com/datas/details/12323.json
2017/03/03 11:03:15 [I]  *     crawl: https://news.jin10.com/datas/details/12447.json
2017/03/03 11:03:15 [I]  * 
2017/03/03 11:03:15 [N]  *     [任务：Jinshinew | 关键词：1 | 批次：2]   输出 16 条数据，用时 0.20128 分钟！

2017/03/03 11:03:15 [I]  * 
2017/03/03 11:03:15 [I]  *     crawl: https://news.jin10.com/datas/details/12444.json
2017/03/03 11:03:15 [I]  *     crawl: https://news.jin10.com/datas/details/12426.json
2017/03/03 11:03:16 [I]  *     crawl: https://news.jin10.com/datas/details/12416.json
2017/03/03 11:03:16 [I]  *     crawl: https://news.jin10.com/datas/details/12410.json
2017/03/03 11:03:16 [I]  *     crawl: https://news.jin10.com/datas/details/12406.json
2017/03/03 11:03:17 [I]  *     crawl: https://news.jin10.com/datas/details/1714.json
2017/03/03 11:03:17 [I]  *     crawl: https://news.jin10.com/datas/details/12352.json
2017/03/03 11:03:17 [I]  *     crawl: https://news.jin10.com/datas/details/12340.json
2017/03/03 11:03:18 [I]  *     crawl: https://news.jin10.com/datas/details/12316.json
2017/03/03 11:03:18 [I]  *     crawl: https://news.jin10.com/datas/details/12312.json
2017/03/03 11:03:18 [I]  *     crawl: https://news.jin10.com/datas/details/12452.json
2017/03/03 11:03:18 [I]  *     crawl: https://news.jin10.com/datas/details/12449.json
2017/03/03 11:03:19 [I]  *     crawl: https://news.jin10.com/datas/details/12446.json
2017/03/03 11:03:19 [I]  *     crawl: https://news.jin10.com/datas/details/12442.json
2017/03/03 11:03:19 [I]  *     crawl: https://news.jin10.com/datas/details/12421.json
2017/03/03 11:03:19 [I]  *     crawl: https://news.jin10.com/datas/details/12417.json
2017/03/03 11:03:19 [I]  * 
2017/03/03 11:03:19 [N]  *     [任务：Jinshinew | 关键词：1 | 批次：3]   输出 16 条数据，用时 0.27570 分钟！

2017/03/03 11:03:19 [I]  * 
2017/03/03 11:03:20 [I]  *     crawl: https://news.jin10.com/datas/details/12415.json
2017/03/03 11:03:20 [I]  *     crawl: https://news.jin10.com/datas/details/12408.json
2017/03/03 11:03:20 [I]  *     crawl: https://news.jin10.com/datas/details/12407.json
2017/03/03 11:03:20 [I]  *     crawl: https://news.jin10.com/datas/details/12403.json
2017/03/03 11:03:20 [I]  *     crawl: https://news.jin10.com/datas/details/12342.json
2017/03/03 11:03:21 [I]  *     crawl: https://news.jin10.com/datas/details/12341.json
2017/03/03 11:03:21 [I]  *     crawl: https://news.jin10.com/datas/details/12336.json
2017/03/03 11:03:21 [I]  *     crawl: https://news.jin10.com/datas/details/12335.json
2017/03/03 11:03:21 [I]  *     crawl: https://news.jin10.com/datas/details/12322.json
2017/03/03 11:03:22 [I]  *     crawl: https://news.jin10.com/datas/details/12317.json
2017/03/03 11:03:22 [I]  *     crawl: https://news.jin10.com/datas/details/12314.json
2017/03/03 11:03:22 [I]  *     crawl: https://news.jin10.com/datas/details/12308.json
2017/03/03 11:03:22 [I]  *     crawl: https://news.jin10.com/datas/details/12396.json
2017/03/03 11:03:23 [I]  *     crawl: https://news.jin10.com/datas/details/12339.json
2017/03/03 11:03:23 [I]  * 
2017/03/03 11:03:23 [N]  *     [任务：Jinshinew | 关键词：1 | 批次：4]   输出 16 条数据，用时 0.33105 分钟！

2017/03/03 11:03:23 [I]  * 
2017/03/03 11:03:23 [I]  *     crawl: https://news.jin10.com/datas/details/12310.json
2017/03/03 11:03:23 [I]  *     crawl: https://news.jin10.com/datas/details/12309.json
2017/03/03 11:03:23 [I]  *     crawl: https://news.jin10.com/datas/details/12301.json
2017/03/03 11:03:23 [I]  *     crawl: https://news.jin10.com/datas/details/12290.json
2017/03/03 11:03:24 [I]  *     crawl: https://news.jin10.com/datas/details/12289.json
2017/03/03 11:03:24 [I]  *     crawl: https://news.jin10.com/datas/details/12271.json
2017/03/03 11:03:24 [I]  *     crawl: https://news.jin10.com/datas/details/12270.json
2017/03/03 11:03:24 [I]  *     crawl: https://news.jin10.com/datas/details/12305.json
2017/03/03 11:03:24 [I]  *     crawl: https://news.jin10.com/datas/details/12297.json
2017/03/03 11:03:25 [I]  *     crawl: https://news.jin10.com/datas/details/12267.json
2017/03/03 11:03:25 [I]  *     crawl: https://news.jin10.com/datas/details/12263.json
2017/03/03 11:03:25 [I]  *     crawl: https://news.jin10.com/datas/details/12262.json
2017/03/03 11:03:26 [I]  *     crawl: https://news.jin10.com/datas/details/12238.json
2017/03/03 11:03:26 [I]  *     crawl: https://news.jin10.com/datas/details/12227.json
2017/03/03 11:03:26 [I]  *     crawl: https://news.jin10.com/datas/details/12208.json
2017/03/03 11:03:26 [I]  *     crawl: https://news.jin10.com/datas/details/12202.json
2017/03/03 11:03:26 [I]  *     crawl: https://news.jin10.com/datas/details/12201.json
2017/03/03 11:03:27 [I]  * 
2017/03/03 11:03:27 [N]  *     [任务：Jinshinew | 关键词：1 | 批次：5]   输出 16 条数据，用时 0.39691 分钟！

2017/03/03 11:03:27 [I]  * 
2017/03/03 11:03:27 [I]  *     crawl: https://news.jin10.com/datas/details/12199.json
2017/03/03 11:03:27 [I]  *     crawl: https://news.jin10.com/datas/details/12198.json
2017/03/03 11:03:27 [I]  *     crawl: https://news.jin10.com/datas/details/12190.json
2017/03/03 11:03:27 [I]  *     crawl: https://news.jin10.com/datas/details/12186.json
2017/03/03 11:03:27 [I]  *     crawl: https://news.jin10.com/datas/details/12183.json
2017/03/03 11:03:28 [I]  *     crawl: https://news.jin10.com/datas/details/12180.json
2017/03/03 11:03:28 [I]  *     crawl: https://news.jin10.com/datas/details/12161.json
2017/03/03 11:03:28 [I]  *     crawl: https://news.jin10.com/datas/details/12156.json
2017/03/03 11:03:29 [I]  *     crawl: https://news.jin10.com/datas/details/12347.json
2017/03/03 11:03:29 [I]  *     crawl: https://news.jin10.com/datas/details/12299.json
2017/03/03 11:03:29 [I]  *     crawl: https://news.jin10.com/datas/details/12260.json
2017/03/03 11:03:29 [I]  *     crawl: https://news.jin10.com/datas/details/12257.json
2017/03/03 11:03:30 [I]  *     crawl: https://news.jin10.com/datas/details/12203.json
2017/03/03 11:03:30 [I]  *     crawl: https://news.jin10.com/datas/details/12197.json
2017/03/03 11:03:30 [I]  *     crawl: https://news.jin10.com/datas/details/12169.json
2017/03/03 11:03:30 [I]  *     crawl: https://news.jin10.com/datas/details/12128.json
2017/03/03 11:03:30 [I]  * 
2017/03/03 11:03:30 [N]  *     [任务：Jinshinew | 关键词：1 | 批次：6]   输出 16 条数据，用时 0.46109 分钟！

2017/03/03 11:03:30 [I]  * 
2017/03/03 11:03:31 [I]  *     crawl: https://news.jin10.com/datas/details/12107.json
2017/03/03 11:03:31 [I]  *     crawl: https://news.jin10.com/datas/details/12076.json
2017/03/03 11:03:31 [I]  *     crawl: https://news.jin10.com/datas/details/12077.json
2017/03/03 11:03:31 [I]  *     crawl: https://news.jin10.com/datas/details/12061.json
2017/03/03 11:03:31 [I]  *     crawl: https://news.jin10.com/datas/details/12003.json
2017/03/03 11:03:32 [I]  *     crawl: https://news.jin10.com/datas/details/11994.json
2017/03/03 11:03:32 [I]  *     crawl: https://news.jin10.com/datas/details/11970.json
2017/03/03 11:03:32 [I]  *     crawl: https://news.jin10.com/datas/details/11543.json
2017/03/03 11:03:32 [I]  *     crawl: https://news.jin10.com/datas/details/11914.json
2017/03/03 11:03:32 [I]  *     crawl: https://news.jin10.com/datas/details/11822.json
2017/03/03 11:03:33 [I]  *     crawl: https://news.jin10.com/datas/details/11815.json
2017/03/03 11:03:33 [I]  *     crawl: https://news.jin10.com/datas/details/11761.json
2017/03/03 11:03:33 [I]  *     crawl: https://news.jin10.com/datas/details/11747.json
2017/03/03 11:03:33 [I]  *     crawl: https://news.jin10.com/datas/details/3393.json
2017/03/03 11:03:34 [I]  *     crawl: https://news.jin10.com/datas/details/11721.json
2017/03/03 11:03:34 [I]  *     crawl: https://news.jin10.com/datas/details/11684.json
2017/03/03 11:03:34 [I]  *     crawl: https://news.jin10.com/datas/details/11665.json
2017/03/03 11:03:34 [I]  * 
2017/03/03 11:03:34 [N]  *     [任务：Jinshinew | 关键词：1 | 批次：7]   输出 16 条数据，用时 0.51970 分钟！

2017/03/03 11:03:34 [I]  * 
2017/03/03 11:03:34 [I]  *     crawl: https://news.jin10.com/datas/details/11646.json
2017/03/03 11:03:34 [I]  *     crawl: https://news.jin10.com/datas/details/11626.json
2017/03/03 11:03:35 [I]  *     crawl: https://news.jin10.com/datas/details/11612.json
2017/03/03 11:03:35 [I]  *     crawl: https://news.jin10.com/datas/details/11605.json
2017/03/03 11:03:35 [I]  *     crawl: https://news.jin10.com/datas/details/11609.json
2017/03/03 11:03:36 [I]  *     crawl: https://news.jin10.com/datas/details/11603.json
2017/03/03 11:03:36 [I]  *     crawl: https://news.jin10.com/datas/details/11583.json
2017/03/03 11:03:36 [I]  *     crawl: https://news.jin10.com/datas/details/11557.json
2017/03/03 11:03:36 [I]  *     crawl: https://news.jin10.com/datas/details/11565.json
2017/03/03 11:03:37 [I]  *     crawl: https://news.jin10.com/datas/details/11554.json
2017/03/03 11:03:37 [I]  *     crawl: https://news.jin10.com/datas/details/11538.json
2017/03/03 11:03:37 [I]  *     crawl: https://news.jin10.com/datas/details/11514.json
2017/03/03 11:03:37 [I]  *     crawl: https://news.jin10.com/datas/details/11525.json
2017/03/03 11:03:38 [I]  *     crawl: https://news.jin10.com/datas/details/11494.json
2017/03/03 11:03:38 [I]  * 
2017/03/03 11:03:38 [N]  *     [任务：Jinshinew | 关键词：1 | 批次：8]   输出 16 条数据，用时 0.58758 分钟！

2017/03/03 11:03:38 [I]  * 
2017/03/03 11:03:38 [I]  * 
2017/03/03 11:03:38 [N]  *     [任务：Jinshinew | 关键词：1 | 批次：9]   输出 3 条数据，用时 0.58910 分钟！

2017/03/03 11:03:38 [I]  * 
2017/03/03 11:03:38 [I]  * 
2017/03/03 11:03:38 [N]  *     [输出报告 -> 任务：Jinshinew | 关键词：1]   共输出数据 131 条，用时 0.59348 分钟！

2017/03/03 11:03:38 [I]  * 
2017/03/03 11:03:38 [I]  *********************************************************************************************************************************** 
2017/03/03 11:03:38 [I]  * 
2017/03/03 11:03:38 [N]  *                            —— 本次合计抓取 131 条数据，下载页面 143 个（成功：143，失败：0），耗时：0.59348 分钟 ——
2017/03/03 11:03:38 [I]  * 
2017/03/03 11:03:38 [I]  *********************************************************************************************************************************** 
